<?xml version="1.0" encoding="UTF-8"?>
<beans xmlns="http://www.springframework.org/schema/beans"
	   xmlns:xsi="http://www.w3.org/2001/XMLSchema-instance"
	   xmlns:context="http://www.springframework.org/schema/context"
	   xmlns:jdbc="http://www.springframework.org/schema/jdbc"
	   xmlns:tx="http://www.springframework.org/schema/tx"
	   xmlns:jpa="http://www.springframework.org/schema/data/jpa"
	   xsi:schemaLocation="http://www.springframework.org/schema/jdbc http://www.springframework.org/schema/jdbc/spring-jdbc.xsd
		http://www.springframework.org/schema/beans http://www.springframework.org/schema/beans/spring-beans.xsd
		http://www.springframework.org/schema/data/jpa http://www.springframework.org/schema/data/jpa/spring-jpa-1.0.xsd
		http://www.springframework.org/schema/tx http://www.springframework.org/schema/tx/spring-tx.xsd
		http://www.springframework.org/schema/context http://www.springframework.org/schema/context/spring-context.xsd">

	<!-- Data Source -->
	<bean id="dataSource" class="org.springframework.jdbc.datasource.LazyConnectionDataSourceProxy">
		<constructor-arg>
			<bean class="org.springframework.jdbc.datasource.SimpleDriverDataSource">
				<property name="driverClass" value="org.h2.Driver" />
				<property name="url" value="jdbc:h2:mem:testdb;DB_CLOSE_DELAY=-1;MODE=Oracle;TRACE_LEVEL_SYSTEM_OUT=2;INIT=CREATE SCHEMA IF NOT EXISTS testdb" />
			</bean>
		</constructor-arg>
	</bean>

	<!-- EntityManagerFactory -->
	<bean id="transactionManager" class="org.springframework.orm.jpa.JpaTransactionManager">
		<property name="entityManagerFactory" ref="entityManagerFactory"/>
	</bean>

	<tx:annotation-driven transaction-manager="transactionManager"/>

	<bean id="entityManagerFactory" class="org.springframework.orm.jpa.LocalContainerEntityManagerFactoryBean">
		<property name="dataSource" ref="dataSource"/>
		<property name="jpaVendorAdapter" ref="jpaVendorAdaptor"/>
		<property name="packagesToScan" value="net.entrofi.hrm.domain.entity"/>
		<property name="jpaProperties">
			<props>
				<prop key="hibernate.dialect">org.hibernate.dialect.H2Dialect</prop>
				<prop key="hibernate.hbm2ddl.auto">create</prop>
				<prop key="hibernate.ejb.naming_strategy">org.hibernate.cfg.ImprovedNamingStrategy</prop>
				<prop key="hibernate.connection.charSet">UTF-8</prop>
			</props>
		</property>
	</bean>

	<bean id="jpaVendorAdaptor" class="org.springframework.orm.jpa.vendor.HibernateJpaVendorAdapter">
		<property name="showSql" value="true"/>
		<property name="generateDdl" value="true"/>
		<property name="database" value="H2"/>
	</bean>

	<context:annotation-config/>

	<jpa:repositories base-package="aero.tav.tams.kbms.domain.repository"
					  entity-manager-factory-ref="entityManagerFactory"
					  transaction-manager-ref="transactionManager"/>

</beans>
